2018-08-08 10:07:39,375 DEBUG - Starting ServiceWrapper in the CLI mode
2018-08-08 10:07:42,662 INFO  - Installing the service with id 'nginx'
2018-08-08 10:07:42,850 DEBUG - Completed. Exit code is 0
2018-08-08 10:08:08,949 INFO  - Starting ServiceWrapper in the service mode
2018-08-08 10:08:09,358 INFO  - Starting D:\tools\nginx-1.12.2\nginx.exe 
2018-08-08 10:08:09,408 INFO  - Starting D:\tools\nginx-1.12.2\nginx.exe 
2018-08-08 10:08:09,486 INFO  - Started process 1000
2018-08-08 10:08:09,486 DEBUG - Forwarding logs of the process System.Diagnostics.Process (nginx) to winsw.SizeBasedRollingLogAppender
2018-08-08 10:08:16,153 INFO  - Stopping nginx
2018-08-08 10:08:16,153 DEBUG - ProcessKill 1000
2018-08-08 10:08:16,294 INFO  - Found child process: 1320 Name: nginx.exe
2018-08-08 10:08:16,309 INFO  - Found child process: 2508 Name: conhost.exe
2018-08-08 10:08:16,325 INFO  - Stopping process 2508
2018-08-08 10:08:16,325 INFO  - Send SIGINT 2508
2018-08-08 10:08:16,340 WARN  - SIGINT to 2508 failed - Killing as fallback
2018-08-08 10:08:16,356 INFO  - Stopping process 1320
2018-08-08 10:08:16,356 INFO  - Send SIGINT 1320
2018-08-08 10:08:16,356 WARN  - SIGINT to 1320 failed - Killing as fallback
2018-08-08 10:08:16,356 INFO  - Stopping process 1000
2018-08-08 10:08:16,356 INFO  - Send SIGINT 1000
2018-08-08 10:08:16,356 WARN  - SIGINT to 1000 failed - Killing as fallback
2018-08-08 10:08:16,374 INFO  - Finished nginx
2018-08-08 10:08:16,375 DEBUG - Completed. Exit code is 0
2018-08-08 10:08:46,294 INFO  - Starting ServiceWrapper in the service mode
2018-08-08 10:08:46,350 INFO  - Starting D:\tools\nginx-1.12.2\nginx.exe 
2018-08-08 10:08:46,363 INFO  - Starting D:\tools\nginx-1.12.2\nginx.exe 
2018-08-08 10:08:46,381 INFO  - Started process 3532
2018-08-08 10:08:46,383 DEBUG - Forwarding logs of the process System.Diagnostics.Process (nginx) to winsw.SizeBasedRollingLogAppender
